<?xml version="1.0" encoding="UTF-8"?>
<testsuite name="opencart register" tests="1" skipped="1" failures="0" errors="0" timestamp="2021-06-03T02:27:34" hostname="DESKTOP-RHG4IA4" time="0.036">
  <properties/>
  <testcase name="Register the users" classname="opencart register" time="0.036">
    <skipped/>
  </testcase>
  <system-out><![CDATA[]]></system-out>
  <system-err><![CDATA[[Test worker] INFO net.thucydides.core.steps.ConsoleLoggingListener - TEST PENDING
[Test worker] INFO net.thucydides.core.steps.ConsoleLoggingListener - 
          __  _____ _____ ____ _____   ____  _____ _   _ ____ ___ _   _  ____ 
 _       / / |_   _| ____/ ___|_   _| |  _ \| ____| \ | |  _ \_ _| \ | |/ ___|
(_)____ / /    | | |  _| \___ \ | |   | |_) |  _| |  \| | | | | ||  \| | |  _ 
 |_____/ /     | | | |___ ___) || |   |  __/| |___| |\  | |_| | || |\  | |_| |
(_)   /_/      |_| |_____|____/ |_|   |_|   |_____|_| \_|____/___|_| \_|\____|
                                                                                

TEST PENDING: Register the users
---------------------------------------------------------------------------------
]]></system-err>
</testsuite>
